[    0.000000] Linux version 4.15.0-135-generic (buildd@lgw01-amd64-005) (gcc version 7.5.0 (Ubuntu 7.5.0-3ubuntu1~18.04)) #139-Ubuntu SMP Mon Jan 18 17:38:24 UTC 2021 (Ubuntu 4.15.0-135.139-generic 4.15.18)
[    0.000000] Command line: BOOT_IMAGE=/boot/vmlinuz-4.15.0-135-generic root=LABEL=cloudimg-rootfs ro console=tty1 console=ttyS0
[    0.000000] KERNEL supported cpus:
[    0.000000]   Intel GenuineIntel
[    0.000000]   AMD AuthenticAMD
[    0.000000]   Centaur CentaurHauls
[    0.000000] x86/fpu: Supporting XSAVE feature 0x001: 'x87 floating point registers'
[    0.000000] x86/fpu: Supporting XSAVE feature 0x002: 'SSE registers'
[    0.000000] x86/fpu: Supporting XSAVE feature 0x004: 'AVX registers'
[    0.000000] x86/fpu: xstate_offset[2]:  576, xstate_sizes[2]:  256
[    0.000000] x86/fpu: Enabled xstate features 0x7, context size is 832 bytes, using 'standard' format.
[    0.000000] e820: BIOS-provided physical RAM map:
[    0.000000] BIOS-e820: [mem 0x0000000000000000-0x000000000009fbff] usable
[    0.000000] BIOS-e820: [mem 0x000000000009fc00-0x000000000009ffff] reserved
[    0.000000] BIOS-e820: [mem 0x00000000000f0000-0x00000000000fffff] reserved
[    0.000000] BIOS-e820: [mem 0x0000000000100000-0x000000003ffeffff] usable
[    0.000000] BIOS-e820: [mem 0x000000003fff0000-0x000000003fffffff] ACPI data
[    0.000000] BIOS-e820: [mem 0x00000000fec00000-0x00000000fec00fff] reserved
[    0.000000] BIOS-e820: [mem 0x00000000fee00000-0x00000000fee00fff] reserved
[    0.000000] BIOS-e820: [mem 0x00000000fffc0000-0x00000000ffffffff] reserved
[    0.000000] NX (Execute Disable) protection: active
[    0.000000] SMBIOS 2.5 present.
[    0.000000] DMI: innotek GmbH VirtualBox/VirtualBox, BIOS VirtualBox 12/01/2006
[    0.000000] Hypervisor detected: KVM
[    0.000000] e820: last_pfn = 0x3fff0 max_arch_pfn = 0x400000000
[    0.000000] MTRR: Disabled
[    0.000000] x86/PAT: MTRRs disabled, skipping PAT initialization too.
[    0.000000] CPU MTRRs all blank - virtualized system.
[    0.000000] x86/PAT: Configuration [0-7]: WB  WT  UC- UC  WB  WT  UC- UC  
[    0.000000] found SMP MP-table at [mem 0x0009fff0-0x0009ffff]
[    0.000000] Scanning 1 areas for low memory corruption
[    0.000000] RAMDISK: [mem 0x35a65000-0x36d29fff]
[    0.000000] ACPI: Early table checksum verification disabled
[    0.000000] ACPI: RSDP 0x00000000000E0000 000024 (v02 VBOX  )
[    0.000000] ACPI: XSDT 0x000000003FFF0030 00003C (v01 VBOX   VBOXXSDT 00000001 ASL  00000061)
[    0.000000] ACPI: FACP 0x000000003FFF00F0 0000F4 (v04 VBOX   VBOXFACP 00000001 ASL  00000061)
[    0.000000] ACPI: DSDT 0x000000003FFF0470 002325 (v02 VBOX   VBOXBIOS 00000002 INTL 20100528)
[    0.000000] ACPI: FACS 0x000000003FFF0200 000040
[    0.000000] ACPI: FACS 0x000000003FFF0200 000040
[    0.000000] ACPI: APIC 0x000000003FFF0240 00005C (v02 VBOX   VBOXAPIC 00000001 ASL  00000061)
[    0.000000] ACPI: SSDT 0x000000003FFF02A0 0001CC (v01 VBOX   VBOXCPUT 00000002 INTL 20100528)
[    0.000000] No NUMA configuration found
[    0.000000] Faking a node at [mem 0x0000000000000000-0x000000003ffeffff]
[    0.000000] NODE_DATA(0) allocated [mem 0x3ffc5000-0x3ffeffff]
[    0.000000] kvm-clock: cpu 0, msr 0:3ff44001, primary cpu clock
[    0.000000] kvm-clock: Using msrs 4b564d01 and 4b564d00
[    0.000000] kvm-clock: using sched offset of 4920455212 cycles
[    0.000000] clocksource: kvm-clock: mask: 0xffffffffffffffff max_cycles: 0x1cd42e4dffb, max_idle_ns: 881590591483 ns
[    0.000000] Zone ranges:
[    0.000000]   DMA      [mem 0x0000000000001000-0x0000000000ffffff]
[    0.000000]   DMA32    [mem 0x0000000001000000-0x000000003ffeffff]
[    0.000000]   Normal   empty
[    0.000000]   Device   empty
[    0.000000] Movable zone start for each node
[    0.000000] Early memory node ranges
[    0.000000]   node   0: [mem 0x0000000000001000-0x000000000009efff]
[    0.000000]   node   0: [mem 0x0000000000100000-0x000000003ffeffff]
[    0.000000] Reserved but unavailable: 98 pages
[    0.000000] Initmem setup node 0 [mem 0x000000000001000-0x000000003ffeffff]
[    0.000000] ACPI: PM-Timer IO Port: 0x4008
[    0.000000] IOAPIC[0]: apic_id 2, version 32, address 0xfec00000, GSI 0-23
[    0.000000] ACPI: INT_SRC_OVR (bus 0 bus_irq 0 global_irq 2 dfl dfl)
[    0.000000] ACPI: INT_SRC_OVR (bus 0 bus_irq 9 global_irq 9 low level)
[    0.000000] Using ACPI (MADT) for SMP configuration information
[    0.000000] smpboot: Allowing 2 CPUs, 0 hotplug CPUs
[    0.000000] PM: Registered nosave memory: [mem 0x00000000-0x00000fff]
[    0.000000] PM: Registered nosave memory: [mem 0x0009f000-0x0009ffff]
[    0.000000] PM: Registered nosave memory: [mem 0x000a0000-0x000effff]
[    0.000000] PM: Registered nosave memory: [mem 0x000f0000-0x000fffff]
[    0.000000] e820: [mem 0x40000000-0xfebfffff] available for PCI devices
[    0.000000] Booting paravirtualized kernel on KVM
[    0.000000] clocksource: refined-jiffies: mask: 0xffffffff max_cycles: 0xffffffff, max_idle_ns: 7645519600211568 ns
[    0.000000] random: get_random_bytes called from start_kernel+0x99/0x500 with crng_init=0
[    0.000000] setup_percpu: NR_CPUS:8192 nr_cpumask_bits:2 nr_cpu_ids:2 nr_node_ids:1
[    0.000000] percpu: Embedded 45 pages/cpu s147456 r8192 d28672 u1048576
[    0.000000] PV qspinlock hash table entries: 256 (order: 0, 4096 bytes)
[    0.000000] Built 1 zonelists, mobility grouping on.  Total pages: 257913
[    0.000000] Policy zone: DMA32
[    0.000000] Kernel command line: BOOT_IMAGE=/boot/vmlinuz-4.15.0-135-generic root=LABEL=cloudimg-rootfs ro console=tty1 console=ttyS0
[    0.000000] Memory: 983024K/1048120K available (12300K kernel code, 2482K rwdata, 4276K rodata, 2440K init, 2724K bss, 65096K reserved, 0K cma-reserved)
[    0.000000] SLUB: HWalign=64, Order=0-3, MinObjects=0, CPUs=2, Nodes=1
[    0.000000] Kernel/User page tables isolation: enabled
[    0.000000] ftrace: allocating 39422 entries in 154 pages
[    0.004000] Hierarchical RCU implementation.
[    0.004000] 	RCU restricting CPUs from NR_CPUS=8192 to nr_cpu_ids=2.
[    0.004000] 	Tasks RCU enabled.
[    0.004000] RCU: Adjusting geometry for rcu_fanout_leaf=16, nr_cpu_ids=2
[    0.004000] NR_IRQS: 524544, nr_irqs: 440, preallocated irqs: 16
[    0.004000] Console: colour VGA+ 80x25
[    0.004000] console [tty1] enabled
[    0.004000] console [ttyS0] enabled
[    0.004000] ACPI: Core revision 20170831
[    0.004000] ACPI: 2 ACPI AML tables successfully acquired and loaded
[    0.004000] APIC: Switch to symmetric I/O mode setup
[    0.004000] x2apic enabled
[    0.004000] Switched APIC routing to physical x2apic.
[    0.004000] ..TIMER: vector=0x30 apic1=0 pin1=2 apic2=-1 pin2=-1
[    0.004004] tsc: Detected 2904.002 MHz processor
[    0.004858] Calibrating delay loop (skipped) preset value.. 5808.00 BogoMIPS (lpj=11616008)
[    0.005567] pid_max: default: 32768 minimum: 301
[    0.008108] Security Framework initialized
[    0.009608] Yama: becoming mindful.
[    0.012029] AppArmor: AppArmor initialized
[    0.020047] Dentry cache hash table entries: 131072 (order: 8, 1048576 bytes)
[    0.024065] Inode-cache hash table entries: 65536 (order: 7, 524288 bytes)
[    0.028013] Mount-cache hash table entries: 2048 (order: 2, 16384 bytes)
[    0.029208] Mountpoint-cache hash table entries: 2048 (order: 2, 16384 bytes)
[    0.031017] Last level iTLB entries: 4KB 64, 2MB 8, 4MB 8
[    0.032002] Last level dTLB entries: 4KB 64, 2MB 0, 4MB 0, 1GB 4
[    0.033095] Spectre V1 : Mitigation: usercopy/swapgs barriers and __user pointer sanitization
[    0.034608] Spectre V2 : Mitigation: Full generic retpoline
[    0.036002] Spectre V2 : Spectre v2 / SpectreRSB mitigation: Filling RSB on context switch
[    0.037658] Speculative Store Bypass: Vulnerable
[    0.040040] SRBDS: Unknown: Dependent on hypervisor status
[    0.041099] MDS: Vulnerable: Clear CPU buffers attempted, no microcode
[    0.042470] Freeing SMP alternatives memory: 36K
[    0.155567] smpboot: CPU0: Intel(R) Core(TM) i7-7500U CPU @ 2.70GHz (family: 0x6, model: 0x8e, stepping: 0x9)
[    0.156000] Performance Events: unsupported p6 CPU model 142 no PMU driver, software events only.
[    0.156045] Hierarchical SRCU implementation.
[    0.157828] NMI watchdog: Perf event create on CPU 0 failed with -2
[    0.160002] NMI watchdog: Perf NMI watchdog permanently disabled
[    0.161111] smp: Bringing up secondary CPUs ...
[    0.162036] x86: Booting SMP configuration:
[    0.162817] .... node  #0, CPUs:      #1
[    0.004000] kvm-clock: cpu 1, msr 0:3ff44041, secondary cpu clock
[    0.168005] smp: Brought up 1 node, 2 CPUs
[    0.171393] smpboot: Max logical packages: 1
[    0.172021] smpboot: Total of 2 processors activated (11616.00 BogoMIPS)
[    0.174183] devtmpfs: initialized
[    0.174183] x86/mm: Memory block size: 128MB
[    0.176147] evm: security.selinux
[    0.176831] evm: security.SMACK64
[    0.177487] evm: security.SMACK64EXEC
[    0.178183] evm: security.SMACK64TRANSMUTE
[    0.178943] evm: security.SMACK64MMAP
[    0.180003] evm: security.apparmor
[    0.180674] evm: security.ima
[    0.181263] evm: security.capability
[    0.181987] clocksource: jiffies: mask: 0xffffffff max_cycles: 0xffffffff, max_idle_ns: 7645041785100000 ns
[    0.184015] futex hash table entries: 512 (order: 3, 32768 bytes)
[    0.188000] pinctrl core: initialized pinctrl subsystem
[    0.188112] RTC time:  5:33:15, date: 06/03/21
[    0.192397] NET: Registered protocol family 16
[    0.193397] audit: initializing netlink subsys (disabled)
[    0.196041] audit: type=2000 audit(1622698401.790:1): state=initialized audit_enabled=0 res=1
[    0.198040] cpuidle: using governor ladder
[    0.198040] cpuidle: using governor menu
[    0.198040] ACPI: bus type PCI registered
[    0.200008] acpiphp: ACPI Hot Plug PCI Controller Driver version: 0.5
[    0.201254] PCI: Using configuration type 1 for base access
[    0.204051] HugeTLB registered 2.00 MiB page size, pre-allocated 0 pages
[    0.205231] ACPI: Added _OSI(Module Device)
[    0.205231] ACPI: Added _OSI(Processor Device)
[    0.208030] ACPI: Added _OSI(3.0 _SCP Extensions)
[    0.209163] ACPI: Added _OSI(Processor Aggregator Device)
[    0.210151] ACPI: Added _OSI(Linux-Dell-Video)
[    0.210992] ACPI: Added _OSI(Linux-Lenovo-NV-HDMI-Audio)
[    0.212003] ACPI: Added _OSI(Linux-HPI-Hybrid-Graphics)
[    0.213258] ACPI: Executed 1 blocks of module-level executable AML code
[    0.220411] ACPI: Interpreter enabled
[    0.221766] ACPI: (supports S0 S5)
[    0.222671] ACPI: Using IOAPIC for interrupt routing
[    0.224763] PCI: Using host bridge windows from ACPI; if necessary, use "pci=nocrs" and report a bug
[    0.227148] ACPI: Enabled 2 GPEs in block 00 to 07
[    0.238441] ACPI: PCI Root Bridge [PCI0] (domain 0000 [bus 00-ff])
[    0.240052] acpi PNP0A03:00: _OSC: OS supports [ASPM ClockPM Segments MSI]
[    0.244733] acpi PNP0A03:00: _OSC: not requesting OS control; OS requires [ExtendedConfig ASPM ClockPM MSI]
[    0.247816] acpi PNP0A03:00: fail to add MMCONFIG information, can't access extended PCI configuration space under this bridge.
[    0.248451] PCI host bridge to bus 0000:00
[    0.249225] pci_bus 0000:00: root bus resource [io  0x0000-0x0cf7 window]
[    0.252002] pci_bus 0000:00: root bus resource [io  0x0d00-0xffff window]
[    0.253183] pci_bus 0000:00: root bus resource [mem 0x000a0000-0x000bffff window]
[    0.254542] pci_bus 0000:00: root bus resource [mem 0x40000000-0xfdffffff window]
[    0.256026] pci_bus 0000:00: root bus resource [bus 00-ff]
[    0.262123] pci 0000:00:01.1: legacy IDE quirk: reg 0x10: [io  0x01f0-0x01f7]
[    0.263365] pci 0000:00:01.1: legacy IDE quirk: reg 0x14: [io  0x03f6]
[    0.264003] pci 0000:00:01.1: legacy IDE quirk: reg 0x18: [io  0x0170-0x0177]
[    0.266263] pci 0000:00:01.1: legacy IDE quirk: reg 0x1c: [io  0x0376]
[    0.288403] pci 0000:00:07.0: quirk: [io  0x4000-0x403f] claimed by PIIX4 ACPI
[    0.291621] pci 0000:00:07.0: quirk: [io  0x4100-0x410f] claimed by PIIX4 SMB
[    0.304050] ACPI: PCI Interrupt Link [LNKA] (IRQs 5 9 10 *11)
[    0.306194] ACPI: PCI Interrupt Link [LNKB] (IRQs 5 9 *10 11)
[    0.308199] ACPI: PCI Interrupt Link [LNKC] (IRQs 5 *9 10 11)
[    0.312091] ACPI: PCI Interrupt Link [LNKD] (IRQs 5 9 10 *11)
[    0.313410] SCSI subsystem initialized
[    0.314170] pci 0000:00:02.0: vgaarb: setting as boot VGA device
[    0.314170] pci 0000:00:02.0: vgaarb: VGA device added: decodes=io+mem,owns=io+mem,locks=none
[    0.316008] pci 0000:00:02.0: vgaarb: bridge control possible
[    0.317194] vgaarb: loaded
[    0.317765] ACPI: bus type USB registered
[    0.320052] usbcore: registered new interface driver usbfs
[    0.321652] usbcore: registered new interface driver hub
[    0.326004] usbcore: registered new device driver usb
[    0.328087] EDAC MC: Ver: 3.0.0
[    0.329306] PCI: Using ACPI for IRQ routing
[    0.329590] NetLabel: Initializing
[    0.332003] NetLabel:  domain hash size = 128
[    0.333329] NetLabel:  protocols = UNLABELED CIPSOv4 CALIPSO
[    0.334924] NetLabel:  unlabeled traffic allowed by default
[    0.336095] clocksource: Switched to clocksource kvm-clock
[    0.460612] VFS: Disk quotas dquot_6.6.0
[    0.461526] VFS: Dquot-cache hash table entries: 512 (order 0, 4096 bytes)
[    0.463177] AppArmor: AppArmor Filesystem Enabled
[    0.464159] pnp: PnP ACPI init
[    0.466211] pnp: PnP ACPI: found 3 devices
[    0.475904] clocksource: acpi_pm: mask: 0xffffff max_cycles: 0xffffff, max_idle_ns: 2085701024 ns
[    0.478655] NET: Registered protocol family 2
[    0.479614] TCP established hash table entries: 8192 (order: 4, 65536 bytes)
[    0.480927] TCP bind hash table entries: 8192 (order: 5, 131072 bytes)
[    0.511176] TCP: Hash tables configured (established 8192 bind 8192)
[    0.512568] UDP hash table entries: 512 (order: 2, 16384 bytes)
[    0.513921] UDP-Lite hash table entries: 512 (order: 2, 16384 bytes)
[    0.515190] NET: Registered protocol family 1
[    0.516002] pci 0000:00:00.0: Limiting direct PCI/PCI transfers
[    0.517131] pci 0000:00:01.0: Activating ISA DMA hang workarounds
[    0.518409] pci 0000:00:02.0: Video device with shadowed ROM at [mem 0x000c0000-0x000dffff]
[    0.520033] Unpacking initramfs...
[    1.459553] Freeing initrd memory: 19220K
[    1.460875] clocksource: tsc: mask: 0xffffffffffffffff max_cycles: 0x29dc079b5d9, max_idle_ns: 440795223751 ns
[    1.463727] platform rtc_cmos: registered platform RTC device (no PNP device found)
[    1.466091] Scanning for low memory corruption every 60 seconds
[    1.468364] Initialise system trusted keyrings
[    1.469623] Key type blacklist registered
[    1.470841] workingset: timestamp_bits=36 max_order=18 bucket_order=0
[    1.473431] zbud: loaded
[    1.475170] squashfs: version 4.0 (2009/01/31) Phillip Lougher
[    1.477789] fuse init (API version 7.26)
[    1.481752] Key type asymmetric registered
[    1.483034] Asymmetric key parser 'x509' registered
[    1.484585] Block layer SCSI generic (bsg) driver version 0.4 loaded (major 246)
[    1.486947] io scheduler noop registered
[    1.488054] io scheduler deadline registered
[    1.489401] io scheduler cfq registered (default)
[    1.491349] ACPI: AC Adapter [AC] (on-line)
[    1.492324] input: Power Button as /devices/LNXSYSTM:00/LNXPWRBN:00/input/input0
[    1.494037] ACPI: Power Button [PWRF]
[    1.495146] input: Sleep Button as /devices/LNXSYSTM:00/LNXSLPBN:00/input/input1
[    1.497494] ACPI: Sleep Button [SLPF]
[    1.500114] Serial: 8250/16550 driver, 32 ports, IRQ sharing enabled
[    1.500385] ACPI: Battery Slot [BAT0] (battery present)
[    1.529830] 00:02: ttyS0 at I/O 0x3f8 (irq = 4, base_baud = 115200) is a 16550A
[    1.533718] Linux agpgart interface v0.103
[    1.536092] loop: module loaded
[    1.537501] scsi host0: ata_piix
[    1.538403] scsi host1: ata_piix
[    1.539495] ata1: PATA max UDMA/33 cmd 0x1f0 ctl 0x3f6 bmdma 0xd000 irq 14
[    1.541674] ata2: PATA max UDMA/33 cmd 0x170 ctl 0x376 bmdma 0xd008 irq 15
[    1.544301] libphy: Fixed MDIO Bus: probed
[    1.545269] tun: Universal TUN/TAP device driver, 1.6
[    1.546381] PPP generic driver version 2.4.2
[    1.547848] ehci_hcd: USB 2.0 'Enhanced' Host Controller (EHCI) Driver
[    1.549444] ehci-pci: EHCI PCI platform driver
[    1.550450] ehci-platform: EHCI generic platform driver
[    1.551972] ohci_hcd: USB 1.1 'Open' Host Controller (OHCI) Driver
[    1.554496] ohci-pci: OHCI PCI platform driver
[    1.556772] ohci-platform: OHCI generic platform driver
[    1.558072] uhci_hcd: USB Universal Host Controller Interface driver
[    1.559553] i8042: PNP: PS/2 Controller [PNP0303:PS2K,PNP0f03:PS2M] at 0x60,0x64 irq 1,12
[    1.561936] serio: i8042 KBD port at 0x60,0x64 irq 1
[    1.563022] serio: i8042 AUX port at 0x60,0x64 irq 12
[    1.564162] mousedev: PS/2 mouse device common for all mice
[    1.565778] rtc_cmos rtc_cmos: rtc core: registered rtc_cmos as rtc0
[    1.567314] rtc_cmos rtc_cmos: alarms up to one day, 114 bytes nvram
[    1.568723] i2c /dev entries driver
[    1.569603] input: AT Translated Set 2 keyboard as /devices/platform/i8042/serio0/input/input2
[    1.571586] device-mapper: uevent: version 1.0.3
[    1.572790] device-mapper: ioctl: 4.37.0-ioctl (2017-09-20) initialised: dm-devel@redhat.com
[    1.574453] ledtrig-cpu: registered to indicate activity on CPUs
[    1.575865] NET: Registered protocol family 10
[    1.581643] Segment Routing with IPv6
[    1.582618] NET: Registered protocol family 17
[    1.583772] Key type dns_resolver registered
[    1.584939] mce: Using 0 MCE banks
[    1.585726] RAS: Correctable Errors collector initialized.
[    1.586848] sched_clock: Marking stable (1584889560, 0)->(2219680348, -634790788)
[    1.589790] registered taskstats version 1
[    1.590659] Loading compiled-in X.509 certificates
[    1.593742] Loaded X.509 cert 'Build time autogenerated kernel key: 399a566a2ea98257ce6f7132c633527e9761cd56'
[    1.596444] zswap: loaded using pool lzo/zbud
[    1.600568] Key type big_key registered
[    1.601300] Key type trusted registered
[    1.603557] Key type encrypted registered
[    1.604372] AppArmor: AppArmor sha1 policy hashing enabled
[    1.606030] ima: No TPM chip found, activating TPM-bypass! (rc=-19)
[    1.608380] ima: Allocated hash algorithm: sha1
[    1.609767] evm: HMAC attrs: 0x1
[    1.611006]   Magic number: 9:780:566
[    1.612091] rtc_cmos rtc_cmos: setting system clock to 2021-06-03 05:33:17 UTC (1622698397)
[    1.613840] BIOS EDD facility v0.16 2004-Jun-25, 0 devices found
[    1.614998] EDD information not available.
[    1.726082] Freeing unused kernel image memory: 2440K
[    2.464644] Write protecting the kernel read-only data: 20480k
[    2.466609] Freeing unused kernel image memory: 2008K
[    2.467885] Freeing unused kernel image memory: 1868K
[    2.478217] x86/mm: Checked W+X mappings: passed, no W+X pages found.
[    2.479868] x86/mm: Checking user space page tables
[    2.487577] x86/mm: Checked W+X mappings: passed, no W+X pages found.
Loading, please wait...
starting version 237
[    2.576140] e1000: Intel(R) PRO/1000 Network Driver - version 7.3.21-k8-NAPI
[    2.580627] e1000: Copyright (c) 1999-2006 Intel Corporation.
[    2.595784] Fusion MPT base driver 3.04.20
[    2.597209] Copyright (c) 1999-2008 LSI Corporation
[    2.670956] AVX2 version of gcm_enc/dec engaged.
[    2.676700] AES CTR mode by8 optimization enabled
[    2.689289] Fusion MPT SPI Host driver 3.04.20
[    2.817459] input: ImExPS/2 Generic Explorer Mouse as /devices/platform/i8042/serio1/input/input4
[    3.137580] e1000 0000:00:03.0 eth0: (PCI:33MHz:32-bit) 02:cc:aa:40:e2:20
[    3.139421] e1000 0000:00:03.0 eth0: Intel(R) PRO/1000 Network Connection
[    3.146574] mptbase: ioc0: Initiating bringup
[    3.148130] e1000 0000:00:03.0 enp0s3: renamed from eth0
[    3.249052] ioc0: LSI53C1030 A0: Capabilities={Initiator}
[    3.526588] scsi host2: ioc0: LSI53C1030 A0, FwRev=00000000h, Ports=1, MaxQ=256, IRQ=20
[    3.696672] scsi 2:0:0:0: Direct-Access     VBOX     HARDDISK         1.0  PQ: 0 ANSI: 5
[    4.458417] scsi target2:0:0: Beginning Domain Validation
[    4.461942] scsi target2:0:0: Domain Validation skipping write tests
[    4.463089] scsi target2:0:0: Ending Domain Validation
[    4.464353] scsi target2:0:0: asynchronous
[    4.465809] scsi 2:0:1:0: Direct-Access     VBOX     HARDDISK         1.0  PQ: 0 ANSI: 5
[    4.641766] scsi target2:0:1: Beginning Domain Validation
[    4.644730] random: fast init done
[    4.646100] scsi target2:0:1: Domain Validation skipping write tests
[    4.647201] scsi target2:0:1: Ending Domain Validation
[    4.648758] scsi target2:0:1: asynchronous
[    4.654357] random: systemd-udevd: uninitialized urandom read (16 bytes read)
[    4.654421] sd 2:0:0:0: Attached scsi generic sg0 type 0
[    4.657818] random: systemd-udevd: uninitialized urandom read (16 bytes read)
[    4.661350] sd 2:0:1:0: Attached scsi generic sg1 type 0
[    4.663353] random: systemd-udevd: uninitialized urandom read (16 bytes read)
[    4.667251] sd 2:0:0:0: [sda] 83886080 512-byte logical blocks: (42.9 GB/40.0 GiB)
[    4.669463] sd 2:0:0:0: [sda] Write Protect is off
[    4.670608] sd 2:0:1:0: [sdb] 20480 512-byte logical blocks: (10.5 MB/10.0 MiB)
[    4.673068] sd 2:0:0:0: [sda] Incomplete mode parameter data
[    4.674168] sd 2:0:0:0: [sda] Assuming drive cache: write through
[    4.680367] sd 2:0:1:0: [sdb] Write Protect is off
[    4.683656] sd 2:0:1:0: [sdb] Incomplete mode parameter data
[    4.685569] sd 2:0:1:0: [sdb] Assuming drive cache: write through
[    4.690245]  sda: sda1
[    4.691972] sd 2:0:0:0: [sda] Attached SCSI disk
[    4.706527] sd 2:0:1:0: [sdb] Attached SCSI disk
Begin: Loading essential drivers ... [    6.400771] raid6: sse2x1   gen()  9365 MB/s
[    6.448578] raid6: sse2x1   xor()  7637 MB/s
[    6.496371] raid6: sse2x2   gen() 12117 MB/s
[    6.544195] raid6: sse2x2   xor()  7658 MB/s
[    6.592057] raid6: sse2x4   gen() 13842 MB/s
[    6.640846] raid6: sse2x4   xor()  8709 MB/s
[    6.688735] raid6: avx2x1   gen() 17745 MB/s
[    6.736489] raid6: avx2x1   xor() 14669 MB/s
[    6.784367] raid6: avx2x2   gen() 25833 MB/s
[    6.832134] raid6: avx2x2   xor() 15558 MB/s
[    6.880929] raid6: avx2x4   gen() 28627 MB/s
[    6.928776] raid6: avx2x4   xor() 14151 MB/s
[    6.929947] raid6: using algorithm avx2x4 gen() 28627 MB/s
[    6.931136] raid6: .... xor() 14151 MB/s, rmw enabled
[    6.932294] raid6: using avx2x2 recovery algorithm
[    6.934447] xor: automatically using best checksumming function   avx       
[    6.938124] async_tx: api initialized (async)
done.
Begin: Running /scripts/init-premount ... done.
Begin: Mounting root file system ... Begin: Running /scripts/local-top ... done.
Begin: Running /scripts/local-premount ... [    6.995003] Btrfs loaded, crc32c=crc32c-intel
Scanning for Btrfs filesystems
done.
Warning: fsck not present, so skipping root file system
[    7.053685] EXT4-fs (sda1): INFO: recovery required on readonly filesystem
[    7.055939] EXT4-fs (sda1): write access will be enabled during recovery
[    7.366723] EXT4-fs (sda1): recovery complete
[    7.368060] EXT4-fs (sda1): mounted filesystem with ordered data mode. Opts: (null)
done.
Begin: Running /scripts/local-bottom ... done.
Begin: Running /scripts/init-bottom ... done.
[    9.561646] ip_tables: (C) 2000-2006 Netfilter Core Team
[   10.030792] random: crng init done
[   10.031962] random: 7 urandom warning(s) missed due to ratelimiting
[   10.035540] systemd[1]: systemd 237 running in system mode. (+PAM +AUDIT +SELINUX +IMA +APPARMOR +SMACK +SYSVINIT +UTMP +LIBCRYPTSETUP +GCRYPT +GNUTLS +ACL +XZ +LZ4 +SECCOMP +BLKID +ELFUTILS +KMOD -IDN2 +IDN -PCRE2 default-hierarchy=hybrid)
[   10.040876] systemd[1]: Detected virtualization oracle.
[   10.042534] systemd[1]: Detected architecture x86-64.

Welcome to [1mUbuntu 18.04.5 LTS[0m!

[   10.096035] systemd[1]: Set hostname to <ubuntu-bionic>.
[   12.168689] systemd[1]: Created slice User and Session Slice.
[[0;32m  OK  [0m] Created slice User and Session Slice.
[   12.175927] systemd[1]: Set up automount Arbitrary Executable File Formats File System Automount Point.
[[0;32m  OK  [0m] Set up automount Arbitrary Executab…rmats File System Automount Point.
[   12.189460] systemd[1]: Created slice System Slice.
[[0;32m  OK  [0m] Created slice System Slice.
[   12.200975] systemd[1]: Listening on Network Service Netlink Socket.
[[0;32m  OK  [0m] Listening on Network Service Netlink Socket.
[   12.212543] systemd[1]: Reached target System Time Synchronized.
[[0;32m  OK  [0m] Reached target System Time Synchronized.
[   12.214606] systemd[1]: Listening on Device-mapper event daemon FIFOs.
[[0;32m  OK  [0m] Listening on Device-mapper event daemon FIFOs.
[[0;32m  OK  [0m] Reached target Swap.
[[0;32m  OK  [0m] Listening on Journal Audit Socket.
[[0;32m  OK  [0m] Listening on Journal Socket.
         Mounting POSIX Message Queue File System...
         Starting Load Kernel Modules...
[[0;32m  OK  [0m] Listening on LVM2 metadata daemon socket.
         Mounting Kernel Debug File System...
         Mounting Huge Pages File System...
[[0;32m  OK  [0m] Started Forward Password Requests to Wall Directory Watch.
         Starting Uncomplicated firewall...
         Starting Remount Root and Kernel File Systems...
[[0;32m  OK  [0m] Reached target Slices.
[[0;32m  OK  [0m] Listening on /dev/initctl Compatibility Named Pipe.
         Starting Monitoring of LVM2 mirrors…ng dmeventd or progress polling...
[[0;32m  OK  [0m] Listening on udev Control Socket.
[[0;32m  OK  [0m] Listening on udev Kernel Socket.
         Starting udev Coldplug all Devices...
[[0;32m  OK  [0m] Listening on Journal Socket (/dev/log).
[[0;32m  OK  [0m] Listening on LVM2 poll daemon socket.
[[0;32m  OK  [0m] Listening on Syslog Socket.
         Starting Create list of required st…ce nodes for the current kernel...
[[0;32m  OK  [0m] Reached target User and Group Name Lookups.
[[0;32m  OK  [0m] Created slice system-serial\x2dgetty.slice.
         Starting Journal Service...
         Starting Set the console keyboard layout...
[[0;32m  OK  [0m] Mounted POSIX Message Queue File System.
[   12.729454] Loading iSCSI transport class v2.0-870.
[[0;32m  OK  [0m] Mounted Kernel D[   12.735497] EXT4-fs (sda1): re-mounted. Opts: (null)
ebug File System.
[[0;32m  OK  [0m] Mounted Huge Pages File System.
[[0;32m  OK  [0m] Started Uncomplicated firewall.
[[0;32m  OK  [0m] Started Remount Root and Kernel File Systems.
         Starting Load/Save Random Seed...
[   12.807492] iscsi: registered transport (tcp)
[   12.835821] iscsi: registered transport (iser)
[[0;32m  OK  [0m] Started Load Kernel Modules.
[[0;32m  OK  [0m] Started Create list of required sta…vice nodes for the current kernel.
[[0;32m  OK  [0m] Started udev Coldplug all Devices.
         Starting Create Static Device Nodes in /dev...
         Starting Apply Kernel Variables...
         Mounting Kernel Configuration File System...
         Mounting FUSE Control File System...
[[0;32m  OK  [0m] Mounted Kernel Configuration File System.
[[0;32m  OK  [0m] Mounted FUSE Control File System.
[[0;32m  OK  [0m] Started Journal Service.
         Starting Flush Journal to Persistent Storage...
[[0;32m  OK  [0m] Started Create Static Device Nodes in /dev.
         Starting udev Kernel Device Manager...
[[0;32m  OK  [0m] Started Load/Save Random Seed.
[[0;32m  OK  [0m] Started LVM2 metadata daemon.
[[0;32m  OK  [0m] Started Apply Kernel Variables.
[[0;32m  OK  [0m] Started Monitoring of LVM2 mirrors,…sing dmeventd or progress polling.
[[0;32m  OK  [0m] Started udev Kernel Device Manager.
[[0;32m  OK  [0m] Started Set the console keyboard layout.
[[0;32m  OK  [0m] Started Dispatch Password Requests to Console Directory Watch.
[[0;32m  OK  [0m] Reached target Local Encrypted Volumes.
[[0;32m  OK  [0m] Reached target Local File Systems (Pre).
         Mounting /vagrant...
[[0;32m  OK  [0m] Reached target Local File Systems.
         Starting AppArmor initialization...
         Starting ebtables ruleset management...
         Starting Set console font and keymap...
         Starting Tell Plymouth To Write Out Runtime Data...
[[0;32m  OK  [0m] Started Set console font and keymap.
[[0;32m  OK  [0m] Started Tell Plymouth To Write Out Runtime Data.
[[0;32m  OK  [0m] Mounted /vagrant.
[[0;32m  OK  [0m] Found device /dev/ttyS0.
[[0;32m  OK  [0m] Started ebtables ruleset management.
[[0;32m  OK  [0m] Started Flush Journal to Persistent Storage.
         Starting Create Volatile Files and Directories...
[[0;32m  OK  [0m] Started Create Volatile Files and Directories.
         Starting Update UTMP about System Boot/Shutdown...
[[0;32m  OK  [0m] Started Update UTMP about System Boot/Shutdown.
[[0;32m  OK  [0m] Listening on Load/Save RF Kill Switch Status /dev/rfkill Watch.
[[0;32m  OK  [0m] Started AppArmor initialization.
         Starting Load AppArmor profiles managed internally by snapd...
         Starting Initial cloud-init job (pre-networking)...
[[0;32m  OK  [0m] Started Load AppArmor profiles managed internally by snapd.
[   18.776586] cloud-init[552]: Cloud-init v. 20.4.1-0ubuntu1~18.04.1 running 'init-local' at Thu, 03 Jun 2021 05:33:34 +0000. Up 18.12 seconds.
[[0;32m  OK  [0m] Started Initial cloud-init job (pre-networking).
[[0;32m  OK  [0m] Reached target Network (Pre).
         Starting Network Service...
[[0;32m  OK  [0m] Started Network Service.
         Starting Wait for Network to be Configured...
         Starting Network Name Resolution...
[[0;32m  OK  [0m] Started Network Name Resolution.
[[0;32m  OK  [0m] Reached target Network.
[[0;32m  OK  [0m] Reached target Host and Network Name Lookups.
[[0;32m  OK  [0m] Started Wait for Network to be Configured.
         Starting Initial cloud-init job (metadata service crawler)...
[   21.799268] cloud-init[672]: Cloud-init v. 20.4.1-0ubuntu1~18.04.1 running 'init' at Thu, 03 Jun 2021 05:33:37 +0000. Up 21.21 seconds.
[   21.801508] cloud-init[672]: ci-info: ++++++++++++++++++++++++++++++++++++++Net device info++++++++++++++++++++++++++++++++++++++
[   21.813061] cloud-init[672]: ci-info: +--------+------+----------------------------+---------------+--------+-------------------+
[   21.814404] cloud-init[672]: ci-info: | Device |  Up  |          Address           |      Mask     | Scope  |     Hw-Address    |
[   21.815616] cloud-init[672]: ci-info: +--------+------+----------------------------+---------------+--------+-------------------+
[   21.816708] cloud-init[672]: ci-info: | enp0s3 | True |         10.0.2.15          | 255.255.255.0 | global | 02:cc:aa:40:e2:20 |
[   21.818262] cloud-init[672]: ci-info: | enp0s3 | True | fe80::cc:aaff:fe40:e220/64 |       .       |  link  | 02:cc:aa:40:e2:20 |
[   21.819708] cloud-init[672]: ci-info: |   lo   | True |         127.0.0.1          |   255.0.0.0   |  host  |         .         |
[   21.821297] cloud-init[672]: ci-info: |   lo   | True |          ::1/128           |       .       |  host  |         .         |
[   21.832883] cloud-init[672]: ci-info: +--------+------+----------------------------+---------------+--------+-------------------+
[   21.835348] cloud-init[672]: ci-info: ++++++++++++++++++++++++++++Route IPv4 info+++++++++++++++++++++++++++++
[   21.837542] cloud-init[672]: ci-info: +-------+-------------+----------+-----------------+-----------+-------+
[   21.977770] cloud-init[672]: ci-info: | Route | Destination | Gateway  |     Genmask     | Interface | Flags |
[   21.988401] cloud-init[672]: ci-info: +-------+-------------+----------+-----------------+-----------+-------+
[   21.990895] cloud-init[672]: ci-info: |   0   |   0.0.0.0   | 10.0.2.2 |     0.0.0.0     |   enp0s3  |   UG  |
[   21.993282] cloud-init[672]: ci-info: |   1   |   10.0.2.0  | 0.0.0.0  |  255.255.255.0  |   enp0s3  |   U   |
[   21.994115] cloud-init[672]: ci-info: |   2   |   10.0.2.2  | 0.0.0.0  | 255.255.255.255 |   enp0s3  |   UH  |
[   22.005203] cloud-init[672]: ci-info: +-------+-------------+----------+-----------------+-----------+-------+
[   22.007333] cloud-init[672]: ci-info: +++++++++++++++++++Route IPv6 info+++++++++++++++++++
[   22.154243] cloud-init[672]: ci-info: +-------+-------------+---------+-----------+-------+
[   22.155159] cloud-init[672]: ci-info: | Route | Destination | Gateway | Interface | Flags |
[   22.155898] cloud-init[672]: ci-info: +-------+-------------+---------+-----------+-------+
[   22.168722] cloud-init[672]: ci-info: |   1   |  fe80::/64  |    ::   |   enp0s3  |   U   |
[   22.170233] cloud-init[672]: ci-info: |   3   |    local    |    ::   |   enp0s3  |   U   |
[   22.171430] cloud-init[672]: ci-info: |   4   |   ff00::/8  |    ::   |   enp0s3  |   U   |
[   22.173160] cloud-init[672]: ci-info: +-------+-------------+---------+-----------+-------+
[[0;32m  OK  [0m] Started Initial cloud-init job (metadata service crawler).
[[0;32m  OK  [0m] Reached target Cloud-config availability.
[[0;32m  OK  [0m] Reached target System Initialization.
[[0;32m  OK  [0m] Started Discard unused blocks once a week.
[[0;32m  OK  [0m] Listening on ACPID Listen Socket.
[[0;32m  OK  [0m] Started Message of the Day.
[[0;32m  OK  [0m] Started ACPI Events Check.
[[0;32m  OK  [0m] Listening on D-Bus System Message Bus Socket.
[[0;32m  OK  [0m] Listening on Open-iSCSI iscsid Socket.
         Starting LXD - unix socket.
[[0;32m  OK  [0m] Started Daily Cleanup of Temporary Directories.
[[0;32m  OK  [0m] Started Daily apt upgrade and clean activities.
[[0;32m  OK  [0m] Reached target Timers.
         Starting Socket activation for snappy daemon.
[[0;32m  OK  [0m] Reached target Paths.
[[0;32m  OK  [0m] Listening on UUID daemon activation socket.
[[0;32m  OK  [0m] Reached target Network is Online.
         Starting Availability of block devices...
[[0;32m  OK  [0m] Reached target Remote File Systems (Pre).
[[0;32m  OK  [0m] Reached target Remote File Systems.
[[0;32m  OK  [0m] Listening on LXD - unix socket.
[[0;32m  OK  [0m] Listening on Socket activation for snappy daemon.
[[0;32m  OK  [0m] Started Availability of block devices.
[[0;32m  OK  [0m] Reached target Sockets.
[[0;32m  OK  [0m] Reached target Basic System.
         Starting LSB: Record successful boot for GRUB...
[[0;32m  OK  [0m] Started D-Bus System Message Bus.
[[0;32m  OK  [0m] Started Regular background program processing daemon.
         Starting Message of the Day...
         Starting Virtualbox guest utils...
         Starting Permit User Sessions...
         Starting Login Service...
         Starting System Logging Service...
[[0;32m  OK  [0m] Started Deferred execution scheduler.
         Starting Dispatcher daemon for systemd-networkd...
[[0;32m  OK  [0m] Started irqbalance daemon.
         Starting OpenBSD Secure Shell server...
[[0;32m  OK  [0m] Started FUSE filesystem for LXC.
         Starting LSB: automatic crash report generation...
         Starting Snap Daemon...
         Starting Accounts Service...
         Starting LXD - container startup/shutdown...
[[0;32m  OK  [0m] Started System Logging Service.
[[0;32m  OK  [0m] Started Permit User Sessions.
[[0;32m  OK  [0m] Started Login Service.
[[0;32m  OK  [0m] Started Unattended Upgrades Shutdown.
         Starting Terminate Plymouth Boot Screen...
         Starting Hold until boot process finishes up...
[[0;32m  OK  [0m] Started Terminate Plymouth Boot Screen.
[[0;32m  OK  [0m] Started Hold until boot process finishes up.
         Starting Set console scheme...
[[0;32m  OK  [0m] Started Serial Getty on ttyS0.
[[0;32m  OK  [0m] Started Set console scheme.
[[0;32m  OK  [0m] Created slice system-getty.slice.
[[0;32m  OK  [0m] Started Getty on tty1.
[[0;32m  OK  [0m] Reached target Login Prompts.
[[0;32m  OK  [0m] Started LSB: automatic crash report generation.
[[0;32m  OK  [0m] Started LSB: Record successful boot for GRUB.
[[0;32m  OK  [0m] Started Virtualbox guest utils.
         Starting Authorization Manager...
[[0;32m  OK  [0m] Started OpenBSD Secure Shell server.
[[0;32m  OK  [0m] Started Dispatcher daemon for systemd-networkd.
[[0;32m  OK  [0m] Started Authorization Manager.
[[0;32m  OK  [0m] Started Accounts Service.
[[0;32m  OK  [0m] Started LXD - container startup/shutdown.
[[0;32m  OK  [0m] Started Message of the Day.
[[0;32m  OK  [0m] Started Snap Daemon.
         Starting Wait until snapd is fully seeded...
[[0;32m  OK  [0m] Started Wait until snapd is fully seeded.
[[0;32m  OK  [0m] Reached target Multi-User System.
[[0;32m  OK  [0m] Reached target Graphical Interface.
         Starting Update UTMP about System Runlevel Changes...
         Starting Apply the settings specified in cloud-config...
[[0;32m  OK  [0m] Started Update UTMP about System Runlevel Changes.
[   27.721904] cloud-init[1214]: Cloud-init v. 20.4.1-0ubuntu1~18.04.1 running 'modules:config' at Thu, 03 Jun 2021 05:33:43 +0000. Up 27.49 seconds.
[[0;32m  OK  [0m] Started Apply the settings specified in cloud-config.
         Starting Execute cloud user/final scripts...
[   28.852661] cloud-init[1260]: Cloud-init v. 20.4.1-0ubuntu1~18.04.1 running 'modules:final' at Thu, 03 Jun 2021 05:33:44 +0000. Up 28.40 seconds.
[   28.853659] cloud-init[1260]: Cloud-init v. 20.4.1-0ubuntu1~18.04.1 finished at Thu, 03 Jun 2021 05:33:44 +0000. Datasource DataSourceNoCloud [seed=/dev/sdb][dsmode=net].  Up 28.84 seconds

Ubuntu 18.04.5 LTS ubuntu-bionic ttyS0

ubuntu-bionic login: 